<?xml version="1.0" encoding="UTF-8"?>
<!-- Generated by org.testng.reporters.JUnitXMLReporter -->
<testsuite ignored="3" hostname="TuF" failures="1" tests="1" name="Test(failed)" time="0.251" errors="0" timestamp="2022-12-05T17:58:32 IST">
  <testcase classname="test.NewTest" name="fourth" time="0.106">
    <failure type="java.lang.NullPointerException" message="Cannot invoke &amp;quot;org.openqa.selenium.chrome.ChromeDriver.findElement(org.openqa.selenium.By)&amp;quot; because &amp;quot;this.driver&amp;quot; is null">
      <![CDATA[java.lang.NullPointerException: Cannot invoke "org.openqa.selenium.chrome.ChromeDriver.findElement(org.openqa.selenium.By)" because "this.driver" is null
at test.NewTest.fourth(NewTest.java:34)
at java.base/java.util.ArrayList.forEach(ArrayList.java:1511)
... Removed 25 stack frames]]>
    </failure>
  </testcase> <!-- fourth -->
  <testcase classname="test.NewTest" name="third" time="0.0">
    <ignored/>
  </testcase> <!-- third -->
  <testcase classname="test.NewTest" name="first" time="0.0">
    <ignored/>
  </testcase> <!-- first -->
  <testcase classname="test.NewTest" name="second" time="0.0">
    <ignored/>
  </testcase> <!-- second -->
</testsuite> <!-- Test(failed) -->
